2025-10-17 16:28:07 | INFO     | Log iniciado: logs\etl_20251017_162807.log
2025-10-17 16:28:07 | INFO     | Nível de log: INFO
2025-10-17 16:28:07 | INFO     | ======================================================================
2025-10-17 16:28:07 | INFO     | 
2025-10-17 16:28:07 | INFO     | ======================================================================
2025-10-17 16:28:07 | INFO     | ETAPA: ANÁLISE DE VENDAS E DISTRIBUIÇÃO DE METAS COM APACHE SPARK
2025-10-17 16:28:07 | INFO     | ======================================================================
2025-10-17 16:28:07 | INFO     | Data de execução: 2025-10-17 16:28:07
2025-10-17 16:28:07 | INFO     | Criando Spark Session...
2025-10-17 16:28:24 | INFO     | ✓ Spark Session criada com sucesso
2025-10-17 16:28:24 | INFO     | 
2025-10-17 16:28:24 | INFO     | ======================================================================
2025-10-17 16:28:24 | INFO     | ETAPA: CARREGAMENTO DE DADOS (100% PySpark)
2025-10-17 16:28:24 | INFO     | ======================================================================
2025-10-17 16:28:24 | INFO     | Carregando dados de vendas: C:\Users\matheus.rodrigues\Downloads\Case\input\sales.csv
2025-10-17 16:28:38 | ERROR    | EXCEÇÃO : ERRO DURANTE O PROCESSAMENTO: ETLLogger.data_quality() missing 1 required positional argument: 'record_count'
Traceback (most recent call last):
  File "C:\Users\matheus.rodrigues\Downloads\Case\scripts\spark_analysis.py", line 810, in main
    df_sales, df_metas = carregar_dados(spark, SALES_PATH, METAS_PATH)
                         ^^^^^^^^^^^^^^^^^^^^^^^^^^^^^^^^^^^^^^^^^^^^^
  File "C:\Users\matheus.rodrigues\Downloads\Case\scripts\spark_analysis.py", line 78, in carregar_dados
    logger.data_quality(f"{registros_vendas} registros carregados (100% PySpark, zero Pandas!)")
TypeError: ETLLogger.data_quality() missing 1 required positional argument: 'record_count'
2025-10-17 16:28:38 | INFO     | Sessão Spark encerrada
