2025-10-17 17:28:28 | INFO     | Log iniciado: logs\etl_20251017_172828.log
2025-10-17 17:28:28 | INFO     | Nível de log: INFO
2025-10-17 17:28:28 | INFO     | ======================================================================
2025-10-17 17:28:28 | INFO     | 
2025-10-17 17:28:28 | INFO     | ======================================================================
2025-10-17 17:28:28 | INFO     | ETAPA: ANÁLISE DE VENDAS E DISTRIBUIÇÃO DE METAS COM APACHE SPARK
2025-10-17 17:28:28 | INFO     | ======================================================================
2025-10-17 17:28:28 | INFO     | Data de execução: 2025-10-17 17:28:28
2025-10-17 17:28:28 | INFO     | Criando Spark Session...
2025-10-17 17:28:59 | INFO     | ✓ Spark Session criada com sucesso
2025-10-17 17:28:59 | INFO     | 
2025-10-17 17:28:59 | INFO     | ======================================================================
2025-10-17 17:28:59 | INFO     | ETAPA: CARREGAMENTO DE DADOS
2025-10-17 17:28:59 | INFO     | ======================================================================
2025-10-17 17:28:59 | INFO     | Carregando dados de vendas: C:\Users\matheus.rodrigues\Downloads\Case\input\sales.csv
2025-10-17 17:29:13 | INFO     | → df_sales (100% PySpark): 28,884 registros
2025-10-17 17:29:13 | INFO     | Carregando arquivo de metas: C:\Users\matheus.rodrigues\Downloads\Case\input\metas por marca.csv
2025-10-17 17:29:15 | INFO     | → df_metas: 20 registros
2025-10-17 17:29:15 | INFO     | 
2025-10-17 17:29:15 | INFO     | ======================================================================
2025-10-17 17:29:15 | INFO     | ETAPA: EXPLORAÇÃO DOS DADOS
2025-10-17 17:29:15 | INFO     | ======================================================================
2025-10-17 17:29:15 | INFO     | ESTRUTURA DO ARQUIVO DE VENDAS
2025-10-17 17:29:15 | INFO     | ESTATÍSTICAS DESCRITIVAS - VENDAS
2025-10-17 17:29:22 | INFO     | AMOSTRA DOS DADOS DE VENDAS (5 registros)
2025-10-17 17:29:22 | INFO     | CONTAGEM DE REGISTROS POR COLUNA
2025-10-17 17:29:23 | INFO     | Código do Cliente             :   28884 não-nulos |       0 nulos (0.00%)
2025-10-17 17:29:24 | INFO     | cod material                  :   28884 não-nulos |       0 nulos (0.00%)
2025-10-17 17:29:26 | WARNING  | b2b_status                    :   28853 não-nulos |      31 nulos (0.11%)
2025-10-17 17:29:26 | INFO     | volume_hl                     :   28884 não-nulos |       0 nulos (0.00%)
2025-10-17 17:29:27 | INFO     | valor                         :   28884 não-nulos |       0 nulos (0.00%)
2025-10-17 17:29:28 | INFO     | data_doc                      :   28884 não-nulos |       0 nulos (0.00%)
2025-10-17 17:29:28 | WARNING  | materialPackaging             :   28861 não-nulos |      23 nulos (0.08%)
2025-10-17 17:29:29 | WARNING  | brand                         :   28861 não-nulos |      23 nulos (0.08%)
2025-10-17 17:29:30 | WARNING  | brand_desc                    :   28606 não-nulos |     278 nulos (0.96%)
2025-10-17 17:29:30 | WARNING  | material                      :   28606 não-nulos |     278 nulos (0.96%)
2025-10-17 17:29:30 | INFO     | CEP_cliente                   :   28884 não-nulos |       0 nulos (0.00%)
2025-10-17 17:29:30 | INFO     | ESTRUTURA DO ARQUIVO DE METAS
2025-10-17 17:29:30 | INFO     | DADOS DE METAS
2025-10-17 17:29:31 | INFO     | 
2025-10-17 17:29:31 | INFO     | ======================================================================
2025-10-17 17:29:31 | INFO     | ETAPA: LIMPEZA E PREPARAÇÃO DOS DADOS
2025-10-17 17:29:31 | INFO     | ======================================================================
2025-10-17 17:29:31 | INFO     | Coluna data_doc convertida para DateType
2025-10-17 17:29:31 | INFO     | Tratamento de valores ausentes:
2025-10-17 17:29:33 | WARNING  | materialPackaging: 23 valores nulos preenchidos com 0
2025-10-17 17:29:33 | WARNING  | brand: 23 valores nulos preenchidos com 0
2025-10-17 17:29:34 | WARNING  | b2b_status: 31 valores nulos preenchidos com False
2025-10-17 17:29:34 | WARNING  | brand_desc: 278 valores nulos preenchidos
2025-10-17 17:29:34 | WARNING  | material: 278 valores nulos preenchidos
2025-10-17 17:29:35 | INFO     | ✓ Limpeza concluída: 28884 registros preparados
2025-10-17 17:29:35 | INFO     | 
2025-10-17 17:29:35 | INFO     | ======================================================================
2025-10-17 17:29:35 | INFO     | ETAPA: CRIAÇÃO DO MODELO DIMENSIONAL (STAR SCHEMA)
2025-10-17 17:29:35 | INFO     | ======================================================================
2025-10-17 17:29:35 | INFO     | Criando dim_cliente...
2025-10-17 17:29:37 | INFO     | → dim_cliente: 58 registros
2025-10-17 17:29:37 | INFO     | Criando dim_produto...
2025-10-17 17:29:38 | INFO     | → dim_produto: 27 registros
2025-10-17 17:29:38 | INFO     | Criando fato_vendas...
2025-10-17 17:29:41 | INFO     | → fato_vendas: 28,884 registros
2025-10-17 17:29:41 | INFO     | ✓ Modelo dimensional criado com sucesso!
2025-10-17 17:29:41 | INFO     | Preparando dim_cliente para enriquecimento de CEP...
2025-10-17 17:29:41 | INFO     | 
2025-10-17 17:29:41 | INFO     | ======================================================================
2025-10-17 17:29:41 | INFO     | ETAPA: CRIAÇÃO DA VISÃO CONSOLIDADA POR CLIENTE
2025-10-17 17:29:41 | INFO     | ======================================================================
2025-10-17 17:29:41 | INFO     | Identificando última compra de cada cliente...
2025-10-17 17:29:41 | INFO     | Agregando dados por cliente e mês...
2025-10-17 17:29:41 | INFO     | Calculando métricas rolling (3 e 6 meses)...
2025-10-17 17:29:42 | INFO     | Consolidando visão final por cliente...
2025-10-17 17:29:58 | INFO     | ✓ Visão consolidada criada: 58 clientes
2025-10-17 17:29:58 | INFO     | AMOSTRA DA VISÃO CONSOLIDADA
2025-10-17 17:30:09 | INFO     | 
2025-10-17 17:30:09 | INFO     | ======================================================================
2025-10-17 17:30:09 | INFO     | ETAPA: DISTRIBUIÇÃO DE METAS POR CLIENTE - ANO 2025
2025-10-17 17:30:09 | INFO     | ======================================================================
2025-10-17 17:30:09 | INFO     | Filtrando metas do ano 2025...
2025-10-17 17:30:09 | INFO     | → metas_2025: 10 registros
2025-10-17 17:30:09 | INFO     | Calculando volume por cliente e marca...
2025-10-17 17:30:09 | INFO     | Calculando volume total por marca...
2025-10-17 17:30:09 | INFO     | Calculando participação percentual de cada cliente...
2025-10-17 17:30:09 | INFO     | Distribuindo metas proporcionalmente...
2025-10-17 17:30:17 | INFO     | ✓ Metas distribuídas: 325 registros (cliente x marca)
2025-10-17 17:30:17 | INFO     | AMOSTRA DAS METAS DISTRIBUÍDAS
2025-10-17 17:30:24 | INFO     | VALIDAÇÃO: Comparação entre Meta da Marca e Soma das Metas dos Clientes
2025-10-17 17:30:48 | WARNING  | ATENÇÃO: 8 marcas com diferença entre meta e soma das metas dos clientes
2025-10-17 17:30:48 | INFO     | 
2025-10-17 17:30:48 | INFO     | ======================================================================
2025-10-17 17:30:48 | INFO     | ETAPA: EXPORTAÇÃO DE RESULTADOS
2025-10-17 17:30:48 | INFO     | ======================================================================
2025-10-17 17:30:48 | INFO     | Exportando visao_consolidada...
2025-10-17 17:30:59 | WARNING  | Spark write falhou (falta winutils no Windows), usando Pandas para salvar...
2025-10-17 17:31:11 | INFO     | CSV (via Pandas): C:\Users\matheus.rodrigues\Downloads\Case\output\csv\visao_consolidada.csv
2025-10-17 17:31:21 | WARNING  | Spark parquet falhou, usando Pandas...
2025-10-17 17:31:22 | INFO     | Parquet (via Pandas): C:\Users\matheus.rodrigues\Downloads\Case\output\parquet\visao_consolidada.parquet
2025-10-17 17:31:22 | INFO     | Exportando metas_por_cliente...
2025-10-17 17:31:35 | WARNING  | Spark write falhou (falta winutils no Windows), usando Pandas para salvar...
2025-10-17 17:31:47 | INFO     | CSV (via Pandas): C:\Users\matheus.rodrigues\Downloads\Case\output\csv\metas_por_cliente.csv
2025-10-17 17:31:58 | WARNING  | Spark parquet falhou, usando Pandas...
2025-10-17 17:31:59 | INFO     | Parquet (via Pandas): C:\Users\matheus.rodrigues\Downloads\Case\output\parquet\metas_por_cliente.parquet
2025-10-17 17:31:59 | INFO     | Exportando dim_cliente...
2025-10-17 17:32:01 | WARNING  | Spark write falhou (falta winutils no Windows), usando Pandas para salvar...
2025-10-17 17:32:03 | INFO     | CSV (via Pandas): C:\Users\matheus.rodrigues\Downloads\Case\output\csv\dim_cliente.csv
2025-10-17 17:32:05 | WARNING  | Spark parquet falhou, usando Pandas...
2025-10-17 17:32:05 | INFO     | Parquet (via Pandas): C:\Users\matheus.rodrigues\Downloads\Case\output\parquet\dim_cliente.parquet
2025-10-17 17:32:05 | INFO     | Exportando fato_vendas...
2025-10-17 17:32:08 | WARNING  | Spark write falhou (falta winutils no Windows), usando Pandas para salvar...
2025-10-17 17:32:11 | INFO     | CSV (via Pandas): C:\Users\matheus.rodrigues\Downloads\Case\output\csv\fato_vendas.csv
2025-10-17 17:32:13 | WARNING  | Spark parquet falhou, usando Pandas...
2025-10-17 17:32:13 | INFO     | Parquet (via Pandas): C:\Users\matheus.rodrigues\Downloads\Case\output\parquet\fato_vendas.parquet
2025-10-17 17:32:13 | INFO     | Exportando dim_produto...
2025-10-17 17:32:16 | WARNING  | Spark write falhou (falta winutils no Windows), usando Pandas para salvar...
2025-10-17 17:32:19 | INFO     | CSV (via Pandas): C:\Users\matheus.rodrigues\Downloads\Case\output\csv\dim_produto.csv
2025-10-17 17:32:20 | WARNING  | Spark parquet falhou, usando Pandas...
2025-10-17 17:32:21 | INFO     | Parquet (via Pandas): C:\Users\matheus.rodrigues\Downloads\Case\output\parquet\dim_produto.parquet
2025-10-17 17:32:21 | INFO     | ✓ Todas as exportações concluídas!
2025-10-17 17:32:21 | INFO     | 
2025-10-17 17:32:21 | INFO     | ======================================================================
2025-10-17 17:32:21 | INFO     | ETAPA: PROCESSAMENTO CONCLUÍDO COM SUCESSO!
2025-10-17 17:32:21 | INFO     | ======================================================================
2025-10-17 17:32:21 | INFO     | Resultados salvos em: C:\Users\matheus.rodrigues\Downloads\Case\output
2025-10-17 17:32:21 | INFO     | 
Arquivos gerados:
2025-10-17 17:32:21 | INFO     |   • visao_consolidada: Métricas consolidadas por cliente
2025-10-17 17:32:21 | INFO     |   • metas_por_cliente: Metas distribuídas por cliente e marca
2025-10-17 17:32:21 | INFO     |   • dim_cliente: Dimensão de clientes
2025-10-17 17:32:21 | INFO     |   • dim_produto: Dimensão de produtos/marcas
2025-10-17 17:32:21 | INFO     |   • dim_tempo: Dimensão de tempo
2025-10-17 17:32:21 | INFO     |   • fato_vendas: Fato de vendas (star schema)
2025-10-17 17:32:21 | INFO     | 
2025-10-17 17:32:21 | INFO     | ======================================================================
2025-10-17 17:32:21 | INFO     | ETL FINALIZADO
2025-10-17 17:32:21 | INFO     | Tempo total: 0:03:52.605235
2025-10-17 17:32:21 | INFO     | Log salvo em: logs\etl_20251017_172828.log
2025-10-17 17:32:21 | INFO     | ======================================================================
2025-10-17 17:32:23 | INFO     | Sessão Spark encerrada
